<?xml version="1.0" encoding="UTF-8"?>
<!-- Generated by org.testng.reporters.JUnitXMLReporter -->
<testsuite hostname="KOTAHI-t818YPDt" ignored="0" name="Test" tests="6" failures="0" timestamp="2021-07-18T20:53:12 NZST" time="84.933" errors="0">
  <testcase name="runScenario" time="15.308" classname="io.cucumber.testng.AbstractTestNGCucumberTests"/>
  <testcase name="runScenario" time="6.651" classname="io.cucumber.testng.AbstractTestNGCucumberTests"/>
  <testcase name="runScenario" time="15.297" classname="io.cucumber.testng.AbstractTestNGCucumberTests"/>
  <testcase name="runScenario" time="15.819" classname="io.cucumber.testng.AbstractTestNGCucumberTests"/>
  <testcase name="runScenario" time="8.632" classname="io.cucumber.testng.AbstractTestNGCucumberTests"/>
  <testcase name="runScenario" time="11.988" classname="io.cucumber.testng.AbstractTestNGCucumberTests"/>
</testsuite> <!-- Test -->
