<?xml version="1.0" encoding="UTF-8"?>
<testsuite xmlns:xsi="http://www.w3.org/2001/XMLSchema-instance" xsi:noNamespaceSchemaLocation="https://maven.apache.org/surefire/maven-surefire-plugin/xsd/surefire-test-report-3.0.xsd" version="3.0" name="TestSuite" time="86.142" tests="6" errors="0" skipped="0" failures="0">
  <properties>
[...]
</properties>
  <testcase name="runScenario[&quot;Verify user is able to login with valid &amp; in valid credentials&quot;, &quot;Optional[Buggy cars users login]&quot;](1)" classname="Runner.TestRunner" time="15.615">
    <system-out><![CDATA[
@Login @Smoke @Web @Buggy @Log_test1
Scenario Outline: Verify user is able to login with valid & in valid credentials # src/main/java/features/Login.feature:15
browserName:chrome
BRowser set to: chrome
Launched URL over browser is:https://buggy.justtestit.org/
  Given I launch the buggy application in a browser                              # stepDefinitions.Registeration_StepDef.launch_application()
  When I am on buggy rating screen                                               # stepDefinitions.Registeration_StepDef.buggy_rating_screen()
  And I enter the "Buggy_User_1LcADE" and "Testtest123!"                         # stepDefinitions.Login_StepDef.buggy_application_login(java.lang.String,java.lang.String)
  And I click "Login" from the buggy rating screen                               # stepDefinitions.Registeration_StepDef.click_options(java.lang.String)
  Then I validate that the user "is" able to login                               # stepDefinitions.Login_StepDef.i_validate_that_the_user_able_to_login(java.lang.String)
]]></system-out>
    <system-err><![CDATA[Starting ChromeDriver 91.0.4472.101 (af52a90bf87030dd1523486a1cd3ae25c5d76c9b-refs/branch-heads/4472@{#1462}) on port 3106
Only local connections are allowed.
Please see https://chromedriver.chromium.org/security-considerations for suggestions on keeping ChromeDriver safe.
ChromeDriver was started successfully.
Jul 18, 2021 8:51:53 PM org.openqa.selenium.remote.ProtocolHandshake createSession
INFO: Detected dialect: W3C
]]></system-err>
  </testcase>
  <testcase name="runScenario[&quot;Verify user is able to login with valid &amp; in valid credentials&quot;, &quot;Optional[Buggy cars users login]&quot;](2)" classname="Runner.TestRunner" time="7.058">
    <system-out><![CDATA[
@Login @Smoke @Web @Buggy @Log_test1
Scenario Outline: Verify user is able to login with valid & in valid credentials # src/main/java/features/Login.feature:16
browserName:chrome
BRowser set to: chrome
Launched URL over browser is:https://buggy.justtestit.org/
  Given I launch the buggy application in a browser                              # stepDefinitions.Registeration_StepDef.launch_application()
  When I am on buggy rating screen                                               # stepDefinitions.Registeration_StepDef.buggy_rating_screen()
  And I enter the "Buggy_User_xxxxx" and "xxxxx"                                 # stepDefinitions.Login_StepDef.buggy_application_login(java.lang.String,java.lang.String)
  And I click "Login" from the buggy rating screen                               # stepDefinitions.Registeration_StepDef.click_options(java.lang.String)
  Then I validate that the user "is_not" able to login                           # stepDefinitions.Login_StepDef.i_validate_that_the_user_able_to_login(java.lang.String)
]]></system-out>
    <system-err><![CDATA[Starting ChromeDriver 91.0.4472.101 (af52a90bf87030dd1523486a1cd3ae25c5d76c9b-refs/branch-heads/4472@{#1462}) on port 4407
Only local connections are allowed.
Please see https://chromedriver.chromium.org/security-considerations for suggestions on keeping ChromeDriver safe.
ChromeDriver was started successfully.
Jul 18, 2021 8:52:07 PM org.openqa.selenium.remote.ProtocolHandshake createSession
INFO: Detected dialect: W3C
]]></system-err>
  </testcase>
  <testcase name="runScenario[&quot;Verify user is able to vote the popular model car&quot;, &quot;Optional[Buggy Popular car features]&quot;](3)" classname="Runner.TestRunner" time="15.582">
    <system-out><![CDATA[
@Popular @Smoke @Web @Buggy @Populr_test1
Scenario: Verify user is able to vote the popular model car  # src/main/java/features/Popular_Type.feature:10
browserName:chrome
BRowser set to: chrome
Launched URL over browser is:https://buggy.justtestit.org/
  Given I launch the buggy application in a browser          # stepDefinitions.Registeration_StepDef.launch_application()
  When I am on buggy rating screen                           # stepDefinitions.Registeration_StepDef.buggy_rating_screen()
New user details:::user_name:Buggy_User_3kKabm password:Testtest123!
success message:Registration is successful
  Then I log into buggy application with new user every time # stepDefinitions.Login_StepDef.login_with_new_user()
Total Votes forPopular Model:::2281
  Given I click on the item under "Popular Model"            # stepDefinitions.Popular_StepDef.i_click_on_the_item_under(java.lang.String)
List is:[Engine: 6.0l, Max Speed: 25km/h]
  When I am on popular model screen                          # stepDefinitions.Popular_StepDef.i_am_on_popular_model_screen()
  And I vote for the model                                   # stepDefinitions.Popular_StepDef.i_vote_for_the_model()
votes Before:2281After:2282
  Then I validate the vote count updated for the model       # stepDefinitions.Popular_StepDef.i_validate_the_vote_count_updated_for_the_model()
  And I Logout from the application                          # stepDefinitions.Login_StepDef.logout_app()
]]></system-out>
    <system-err><![CDATA[Starting ChromeDriver 91.0.4472.101 (af52a90bf87030dd1523486a1cd3ae25c5d76c9b-refs/branch-heads/4472@{#1462}) on port 24590
Only local connections are allowed.
Please see https://chromedriver.chromium.org/security-considerations for suggestions on keeping ChromeDriver safe.
ChromeDriver was started successfully.
Jul 18, 2021 8:52:15 PM org.openqa.selenium.remote.ProtocolHandshake createSession
INFO: Detected dialect: W3C
]]></system-err>
  </testcase>
  <testcase name="runScenario[&quot;Verify each car model &amp; make navigations form overall rating screen&quot;, &quot;Optional[Buggy Popular car features]&quot;](4)" classname="Runner.TestRunner" time="16.746">
    <system-out><![CDATA[
@Popular @Smoke @Web @Buggy @Populr_test2
Scenario: Verify each car model & make navigations form overall rating screen         # src/main/java/features/Popular_Type.feature:22
browserName:chrome
BRowser set to: chrome
Launched URL over browser is:https://buggy.justtestit.org/
  Given I launch the buggy application in a browser                                   # stepDefinitions.Registeration_StepDef.launch_application()
  When I am on buggy rating screen                                                    # stepDefinitions.Registeration_StepDef.buggy_rating_screen()
  Then I log into buggy application with valid credentials                            # stepDefinitions.Login_StepDef.i_log_into_buggy_application_with_valid_credentials()
Total Votes forPopular Model:::2282
  Given I click on the item under "Overall Rating"                                    # stepDefinitions.Popular_StepDef.i_click_on_the_item_under(java.lang.String)
  When I am on Overall Rating screen                                                  # stepDefinitions.Popular_StepDef.i_am_on_overall_rating_screen()
[Lamborghini, Pagani, Alfa Romeo, Lancia, Pagani]
  Then I validate the user is able to navigate each model and make from rating screen # stepDefinitions.Popular_StepDef.i_validate_the_user_is_able_to_navigate_each_model_and_make_from_rating_screen()
]]></system-out>
    <system-err><![CDATA[Starting ChromeDriver 91.0.4472.101 (af52a90bf87030dd1523486a1cd3ae25c5d76c9b-refs/branch-heads/4472@{#1462}) on port 8409
Only local connections are allowed.
Please see https://chromedriver.chromium.org/security-considerations for suggestions on keeping ChromeDriver safe.
ChromeDriver was started successfully.
Jul 18, 2021 8:52:31 PM org.openqa.selenium.remote.ProtocolHandshake createSession
INFO: Detected dialect: W3C
]]></system-err>
  </testcase>
  <testcase name="runScenario[&quot;Verify new user is able to complete the registration process&quot;, &quot;Optional[Buggy Cars Registration]&quot;](5)" classname="Runner.TestRunner" time="8.932">
    <system-out><![CDATA[
@Register @Smoke @Web @Buggy @Reg_test1
Scenario: Verify new user is able to complete the registration process # src/main/java/features/Registration.feature:5
browserName:chrome
BRowser set to: chrome
Launched URL over browser is:https://buggy.justtestit.org/
  Given I launch the buggy application in a browser                    # stepDefinitions.Registeration_StepDef.launch_application()
  When I am on buggy rating screen                                     # stepDefinitions.Registeration_StepDef.buggy_rating_screen()
  Then I click "Register" from the buggy rating screen                 # stepDefinitions.Registeration_StepDef.click_options(java.lang.String)
  When I am on buggy rating registration screen                        # stepDefinitions.Registeration_StepDef.buggy_rating_registeration_screen()
New user details:::user_name:Buggy_User_5RdDIx password:Testtest123!
success message:Registration is successful
  And I enter the valid details and complete the sign up               # stepDefinitions.Registeration_StepDef.complete_registration()
  Then I validate the registration success message for new user        # stepDefinitions.Registeration_StepDef.validate_user_registeration()
]]></system-out>
    <system-err><![CDATA[Starting ChromeDriver 91.0.4472.101 (af52a90bf87030dd1523486a1cd3ae25c5d76c9b-refs/branch-heads/4472@{#1462}) on port 24359
Only local connections are allowed.
Please see https://chromedriver.chromium.org/security-considerations for suggestions on keeping ChromeDriver safe.
ChromeDriver was started successfully.
Jul 18, 2021 8:52:50 PM org.openqa.selenium.remote.ProtocolHandshake createSession
INFO: Detected dialect: W3C
]]></system-err>
  </testcase>
  <testcase name="runScenario[&quot;Verify user is able to update the profile settings&quot;, &quot;Optional[Buggy cars users profile]&quot;](6)" classname="Runner.TestRunner" time="12.169">
    <system-out><![CDATA[
@Profile @Smoke @Web @Buggy @Prof_test1
Scenario: Verify user is able to update the profile settings                 # src/main/java/features/User_Profile.feature:5
browserName:chrome
BRowser set to: chrome
Launched URL over browser is:https://buggy.justtestit.org/
  Given I launch the buggy application in a browser                          # stepDefinitions.Registeration_StepDef.launch_application()
  When I am on buggy rating screen                                           # stepDefinitions.Registeration_StepDef.buggy_rating_screen()
  Then I log into buggy application with valid credentials                   # stepDefinitions.Login_StepDef.i_log_into_buggy_application_with_valid_credentials()
  Given I Click on "Profile" from menu screen                                # stepDefinitions.User_Profile_StepDef.i_Click_on_from_menu_screen(java.lang.String)
  When I am on the edit profile page                                         # stepDefinitions.User_Profile_StepDef.i_am_on_the_edit_profile_page()
  Then I update additional info fields gender, age, address, phone and hobby # stepDefinitions.User_Profile_StepDef.i_update_additional_info_fields_gender_age_address_phone_and_hobby()
  And I validate changes are saved or not                                    # stepDefinitions.User_Profile_StepDef.i_validate_changes_are_saved_or_not()
]]></system-out>
    <system-err><![CDATA[Starting ChromeDriver 91.0.4472.101 (af52a90bf87030dd1523486a1cd3ae25c5d76c9b-refs/branch-heads/4472@{#1462}) on port 34644
Only local connections are allowed.
Please see https://chromedriver.chromium.org/security-considerations for suggestions on keeping ChromeDriver safe.
ChromeDriver was started successfully.
Jul 18, 2021 8:53:00 PM org.openqa.selenium.remote.ProtocolHandshake createSession
INFO: Detected dialect: W3C
]]></system-err>
  </testcase>
</testsuite>