<?xml version="1.0" encoding="UTF-8"?>
<testng-results skipped="0" failed="0" ignored="0" total="1" passed="1">
  <reporter-output>
  </reporter-output>
  <suite name="Default suite" duration-ms="24475" started-at="2021-07-17T18:35:05 IST" finished-at="2021-07-17T18:35:29 IST">
    <groups>
      <group name="cucumber">
        <method signature="AbstractTestNGCucumberTests.runScenario(io.cucumber.testng.PickleWrapper, io.cucumber.testng.FeatureWrapper)[pri:0, instance:Runner.TestRunner@528931cf]" name="runScenario" class="io.cucumber.testng.AbstractTestNGCucumberTests"/>
      </group> <!-- cucumber -->
    </groups>
    <test name="Default test" duration-ms="24475" started-at="2021-07-17T18:35:05 IST" finished-at="2021-07-17T18:35:29 IST">
      <class name="Runner.TestRunner">
        <test-method status="PASS" signature="setUpClass()[pri:0, instance:Runner.TestRunner@528931cf]" name="setUpClass" is-config="true" duration-ms="490" started-at="2021-07-17T18:35:05 IST" finished-at="2021-07-17T18:35:05 IST">
          <reporter-output>
          </reporter-output>
        </test-method> <!-- setUpClass -->
        <test-method status="PASS" signature="beforeScenario()[pri:0, instance:Runner.TestRunner@528931cf]" name="beforeScenario" is-config="true" duration-ms="2" started-at="2021-07-17T18:35:05 IST" finished-at="2021-07-17T18:35:05 IST">
          <reporter-output>
          </reporter-output>
        </test-method> <!-- beforeScenario -->
        <test-method status="PASS" signature="runScenario(io.cucumber.testng.PickleWrapper, io.cucumber.testng.FeatureWrapper)[pri:0, instance:Runner.TestRunner@528931cf]" name="runScenario" duration-ms="23702" started-at="2021-07-17T18:35:05 IST" description="Runs Cucumber Scenarios" data-provider="scenarios" finished-at="2021-07-17T18:35:29 IST">
          <params>
            <param index="0">
              <value>
                <![CDATA["Verify each car model & make navigations form overall rating screen"]]>
              </value>
            </param>
            <param index="1">
              <value>
                <![CDATA["Optional[Buggy cars users Popular car features]"]]>
              </value>
            </param>
          </params>
          <reporter-output>
          </reporter-output>
        </test-method> <!-- runScenario -->
        <test-method status="PASS" signature="afterScenario()[pri:0, instance:Runner.TestRunner@528931cf]" name="afterScenario" is-config="true" duration-ms="96" started-at="2021-07-17T18:35:29 IST" finished-at="2021-07-17T18:35:29 IST">
          <reporter-output>
          </reporter-output>
        </test-method> <!-- afterScenario -->
        <test-method status="PASS" signature="tearDownClass()[pri:0, instance:Runner.TestRunner@528931cf]" name="tearDownClass" is-config="true" duration-ms="146" started-at="2021-07-17T18:35:29 IST" finished-at="2021-07-17T18:35:29 IST">
          <reporter-output>
          </reporter-output>
        </test-method> <!-- tearDownClass -->
      </class> <!-- Runner.TestRunner -->
    </test> <!-- Default test -->
  </suite> <!-- Default suite -->
</testng-results>
